<?xml version="1.0" encoding="UTF-8"?>
<!-- Generated by org.testng.reporters.JUnitXMLReporter -->
<testsuite hostname="DESKTOP-8VB0F45" ignored="23" name="Test" tests="5" failures="0" timestamp="03 Jan 2022 13:51:37 GMT" time="82.355" errors="0">
  <testcase name="forgotPwdWorkEmail" time="0.524" classname="com.testcases.forgotPasswordPageTest"/>
  <testcase name="signUpDetails" time="1.206" classname="com.testcases.signUpTest"/>
  <testcase name="signUpDetails" time="1.326" classname="com.testcases.signUpTest"/>
  <testcase name="NewProject" time="0.721" classname="com.testcases.createProjectPageTest"/>
  <testcase name="homeHeaderSearchBar" time="9.163" classname="com.testcases.homePageTest"/>
  <testcase name="Login_TC_002" time="0.0" classname="com.testcases.loginPageTest">
    <ignored/>
  </testcase> <!-- Login_TC_002 -->
  <testcase name="Login_TC_001" time="0.0" classname="com.testcases.loginPageTest">
    <ignored/>
  </testcase> <!-- Login_TC_001 -->
  <testcase name="homeAddQuickCreatebtn" time="0.0" classname="com.testcases.homePageTest">
    <ignored/>
  </testcase> <!-- homeAddQuickCreatebtn -->
  <testcase name="validateSignUp" time="0.0" classname="com.testcases.loginPageTest">
    <ignored/>
  </testcase> <!-- validateSignUp -->
  <testcase name="homeTimesheet" time="0.0" classname="com.testcases.homePageTest">
    <ignored/>
  </testcase> <!-- homeTimesheet -->
  <testcase name="homeNotifcationIcon" time="0.0" classname="com.testcases.homePageTest">
    <ignored/>
  </testcase> <!-- homeNotifcationIcon -->
  <testcase name="homeSearchProject" time="0.0" classname="com.testcases.homePageTest">
    <ignored/>
  </testcase> <!-- homeSearchProject -->
  <testcase name="validateForgotPassword" time="0.0" classname="com.testcases.loginPageTest">
    <ignored/>
  </testcase> <!-- validateForgotPassword -->
  <testcase name="homeProject" time="0.0" classname="com.testcases.homePageTest">
    <ignored/>
  </testcase> <!-- homeProject -->
  <testcase name="homeUserProfile" time="0.0" classname="com.testcases.homePageTest">
    <ignored/>
  </testcase> <!-- homeUserProfile -->
  <testcase name="homeCreateProject" time="0.0" classname="com.testcases.homePageTest">
    <ignored/>
  </testcase> <!-- homeCreateProject -->
  <testcase name="@AfterSuite tearDown" time="0.0" classname="com.TestBase.TestBase">
    <ignored/>
  </testcase> <!-- @AfterSuite tearDown -->
  <testcase name="@AfterSuite tearDown" time="0.0" classname="com.TestBase.TestBase">
    <ignored/>
  </testcase> <!-- @AfterSuite tearDown -->
  <testcase name="@AfterSuite tearDown" time="0.0" classname="com.TestBase.TestBase">
    <ignored/>
  </testcase> <!-- @AfterSuite tearDown -->
  <testcase name="@AfterSuite tearDown" time="0.0" classname="com.TestBase.TestBase">
    <ignored/>
  </testcase> <!-- @AfterSuite tearDown -->
  <testcase name="@BeforeSuite loadConfig" time="0.0" classname="com.TestBase.TestBase">
    <ignored/>
  </testcase> <!-- @BeforeSuite loadConfig -->
  <testcase name="@BeforeSuite loadConfig" time="0.0" classname="com.TestBase.TestBase">
    <ignored/>
  </testcase> <!-- @BeforeSuite loadConfig -->
  <testcase name="@BeforeSuite loadConfig" time="0.0" classname="com.TestBase.TestBase">
    <ignored/>
  </testcase> <!-- @BeforeSuite loadConfig -->
  <testcase name="@BeforeSuite loadConfig" time="0.0" classname="com.TestBase.TestBase">
    <ignored/>
  </testcase> <!-- @BeforeSuite loadConfig -->
  <testcase name="homeWorkflow" time="0.0" classname="com.testcases.homePageTest">
    <ignored/>
  </testcase> <!-- homeWorkflow -->
  <testcase name="createNewProject" time="0.0" classname="com.testcases.createProjectPageTest">
    <ignored/>
  </testcase> <!-- createNewProject -->
  <testcase name="homeAppSettings" time="0.0" classname="com.testcases.homePageTest">
    <ignored/>
  </testcase> <!-- homeAppSettings -->
  <testcase name="fogotPwdSubmit" time="0.0" classname="com.testcases.forgotPasswordPageTest">
    <ignored/>
  </testcase> <!-- fogotPwdSubmit -->
</testsuite> <!-- Test -->
