<?xml version="1.0" encoding="UTF-8"?>
<testng-results skipped="0" failed="1" ignored="26" total="27" passed="0">
  <reporter-output>
  </reporter-output>
  <suite name="Suite" duration-ms="24215" started-at="2021-12-21T04:49:04Z" finished-at="2021-12-21T04:49:29Z">
    <groups>
      <group name="vikesh1">
        <method signature="createProjectPageTest.NewProject(java.lang.String, java.lang.String, java.lang.String, java.lang.String)[pri:0, instance:com.testcases.createProjectPageTest@48aaecc3]" name="NewProject" class="com.testcases.createProjectPageTest"/>
      </group> <!-- vikesh1 -->
    </groups>
    <test name="Test" duration-ms="24215" started-at="2021-12-21T04:49:04Z" finished-at="2021-12-21T04:49:29Z">
      <class name="com.testcases.loginPageTest">
        <test-method status="PASS" signature="loadConfig()[pri:0, instance:com.testcases.loginPageTest@60d8c9b7]" name="loadConfig" is-config="true" duration-ms="266" started-at="2021-12-21T10:19:04Z" finished-at="2021-12-21T10:19:04Z">
          <reporter-output>
          </reporter-output>
        </test-method> <!-- loadConfig -->
        <test-method status="PASS" signature="tearDown()[pri:0, instance:com.testcases.loginPageTest@60d8c9b7]" name="tearDown" is-config="true" duration-ms="94" started-at="2021-12-21T10:19:29Z" finished-at="2021-12-21T10:19:29Z">
          <reporter-output>
          </reporter-output>
        </test-method> <!-- tearDown -->
      </class> <!-- com.testcases.loginPageTest -->
      <class name="com.testcases.createProjectPageTest">
        <test-method status="PASS" signature="setup()[pri:0, instance:com.testcases.createProjectPageTest@48aaecc3]" name="setup" is-config="true" duration-ms="21809" started-at="2021-12-21T10:19:05Z" finished-at="2021-12-21T10:19:27Z">
          <reporter-output>
          </reporter-output>
        </test-method> <!-- setup -->
        <test-method status="FAIL" signature="NewProject(java.lang.String, java.lang.String, java.lang.String, java.lang.String)[pri:0, instance:com.testcases.createProjectPageTest@48aaecc3]" name="NewProject" duration-ms="740" started-at="2021-12-21T10:19:27Z" data-provider="createproject" finished-at="2021-12-21T10:19:28Z">
          <params>
            <param index="0">
              <value>
                <![CDATA[Vikesh one]]>
              </value>
            </param>
            <param index="1">
              <value>
                <![CDATA[Doing testing to create project]]>
              </value>
            </param>
            <param index="2">
              <value>
                <![CDATA[aaa]]>
              </value>
            </param>
            <param index="3">
              <value>
                <![CDATA[Account]]>
              </value>
            </param>
          </params>
          <exception class="org.openqa.selenium.NoSuchElementException">
            <message>
              <![CDATA[no such element: Unable to locate element: {"method":"xpath","selector":"//li[@class='multiselect-item-checkbox ng-star-inserted']"}
  (Session info: chrome=96.0.4664.110)
For documentation on this error, please visit: https://www.seleniumhq.org/exceptions/no_such_element.html
Build info: version: '3.141.59', revision: 'e82be7d358', time: '2018-11-14T08:17:03'
System info: host: 'DESKTOP-8VB0F45', ip: '192.168.43.23', os.name: 'Windows 10', os.arch: 'amd64', os.version: '10.0', java.version: '1.8.0_311'
Driver info: org.openqa.selenium.chrome.ChromeDriver
Capabilities {acceptInsecureCerts: false, browserName: chrome, browserVersion: 96.0.4664.110, chrome: {chromedriverVersion: 96.0.4664.45 (76e4c1bb2ab46..., userDataDir: C:\Users\Vikesh\AppData\Loc...}, goog:chromeOptions: {debuggerAddress: localhost:64544}, javascriptEnabled: true, networkConnectionEnabled: false, pageLoadStrategy: normal, platform: WINDOWS, platformName: WINDOWS, proxy: Proxy(), setWindowRect: true, strictFileInteractability: false, timeouts: {implicit: 0, pageLoad: 300000, script: 30000}, unhandledPromptBehavior: dismiss and notify, webauthn:extension:credBlob: true, webauthn:extension:largeBlob: true, webauthn:virtualAuthenticators: true}
Session ID: f5c965e7307213c7bb17b9ad65d8d837
*** Element info: {Using=xpath, value=//li[@class='multiselect-item-checkbox ng-star-inserted']}]]>
            </message>
            <full-stacktrace>
              <![CDATA[org.openqa.selenium.NoSuchElementException: no such element: Unable to locate element: {"method":"xpath","selector":"//li[@class='multiselect-item-checkbox ng-star-inserted']"}
  (Session info: chrome=96.0.4664.110)
For documentation on this error, please visit: https://www.seleniumhq.org/exceptions/no_such_element.html
Build info: version: '3.141.59', revision: 'e82be7d358', time: '2018-11-14T08:17:03'
System info: host: 'DESKTOP-8VB0F45', ip: '192.168.43.23', os.name: 'Windows 10', os.arch: 'amd64', os.version: '10.0', java.version: '1.8.0_311'
Driver info: org.openqa.selenium.chrome.ChromeDriver
Capabilities {acceptInsecureCerts: false, browserName: chrome, browserVersion: 96.0.4664.110, chrome: {chromedriverVersion: 96.0.4664.45 (76e4c1bb2ab46..., userDataDir: C:\Users\Vikesh\AppData\Loc...}, goog:chromeOptions: {debuggerAddress: localhost:64544}, javascriptEnabled: true, networkConnectionEnabled: false, pageLoadStrategy: normal, platform: WINDOWS, platformName: WINDOWS, proxy: Proxy(), setWindowRect: true, strictFileInteractability: false, timeouts: {implicit: 0, pageLoad: 300000, script: 30000}, unhandledPromptBehavior: dismiss and notify, webauthn:extension:credBlob: true, webauthn:extension:largeBlob: true, webauthn:virtualAuthenticators: true}
Session ID: f5c965e7307213c7bb17b9ad65d8d837
*** Element info: {Using=xpath, value=//li[@class='multiselect-item-checkbox ng-star-inserted']}
	at sun.reflect.NativeConstructorAccessorImpl.newInstance0(Native Method)
	at sun.reflect.NativeConstructorAccessorImpl.newInstance(NativeConstructorAccessorImpl.java:62)
	at sun.reflect.DelegatingConstructorAccessorImpl.newInstance(DelegatingConstructorAccessorImpl.java:45)
	at java.lang.reflect.Constructor.newInstance(Constructor.java:423)
	at org.openqa.selenium.remote.http.W3CHttpResponseCodec.createException(W3CHttpResponseCodec.java:187)
	at org.openqa.selenium.remote.http.W3CHttpResponseCodec.decode(W3CHttpResponseCodec.java:122)
	at org.openqa.selenium.remote.http.W3CHttpResponseCodec.decode(W3CHttpResponseCodec.java:49)
	at org.openqa.selenium.remote.HttpCommandExecutor.execute(HttpCommandExecutor.java:158)
	at org.openqa.selenium.remote.service.DriverCommandExecutor.execute(DriverCommandExecutor.java:83)
	at org.openqa.selenium.remote.RemoteWebDriver.execute(RemoteWebDriver.java:552)
	at org.openqa.selenium.remote.RemoteWebDriver.findElement(RemoteWebDriver.java:323)
	at org.openqa.selenium.remote.RemoteWebDriver.findElementByXPath(RemoteWebDriver.java:428)
	at org.openqa.selenium.By$ByXPath.findElement(By.java:353)
	at org.openqa.selenium.remote.RemoteWebDriver.findElement(RemoteWebDriver.java:315)
	at org.openqa.selenium.support.pagefactory.DefaultElementLocator.findElement(DefaultElementLocator.java:69)
	at org.openqa.selenium.support.pagefactory.internal.LocatingElementHandler.invoke(LocatingElementHandler.java:38)
	at com.sun.proxy.$Proxy12.click(Unknown Source)
	at com.TuduApp.pages.createProjectPage.validateselectMemberSearchFirstValue(createProjectPage.java:124)
	at com.testcases.createProjectPageTest.NewProject(createProjectPageTest.java:62)
	at sun.reflect.NativeMethodAccessorImpl.invoke0(Native Method)
	at sun.reflect.NativeMethodAccessorImpl.invoke(NativeMethodAccessorImpl.java:62)
	at sun.reflect.DelegatingMethodAccessorImpl.invoke(DelegatingMethodAccessorImpl.java:43)
	at java.lang.reflect.Method.invoke(Method.java:498)
	at org.testng.internal.MethodInvocationHelper.invokeMethod(MethodInvocationHelper.java:104)
	at org.testng.internal.Invoker.invokeMethod(Invoker.java:645)
	at org.testng.internal.Invoker.invokeTestMethod(Invoker.java:851)
	at org.testng.internal.Invoker.invokeTestMethods(Invoker.java:1177)
	at org.testng.internal.TestMethodWorker.invokeTestMethods(TestMethodWorker.java:129)
	at org.testng.internal.TestMethodWorker.run(TestMethodWorker.java:112)
	at org.testng.TestRunner.privateRun(TestRunner.java:756)
	at org.testng.TestRunner.run(TestRunner.java:610)
	at org.testng.SuiteRunner.runTest(SuiteRunner.java:387)
	at org.testng.SuiteRunner.runSequentially(SuiteRunner.java:382)
	at org.testng.SuiteRunner.privateRun(SuiteRunner.java:340)
	at org.testng.SuiteRunner.run(SuiteRunner.java:289)
	at org.testng.SuiteRunnerWorker.runSuite(SuiteRunnerWorker.java:52)
	at org.testng.SuiteRunnerWorker.run(SuiteRunnerWorker.java:86)
	at org.testng.TestNG.runSuitesSequentially(TestNG.java:1293)
	at org.testng.TestNG.runSuitesLocally(TestNG.java:1218)
	at org.testng.TestNG.runSuites(TestNG.java:1133)
	at org.testng.TestNG.run(TestNG.java:1104)
	at org.testng.remote.AbstractRemoteTestNG.run(AbstractRemoteTestNG.java:115)
	at org.testng.remote.RemoteTestNG.initAndRun(RemoteTestNG.java:251)
	at org.testng.remote.RemoteTestNG.main(RemoteTestNG.java:77)
]]>
            </full-stacktrace>
          </exception> <!-- org.openqa.selenium.NoSuchElementException -->
          <reporter-output>
          </reporter-output>
        </test-method> <!-- NewProject -->
        <test-method status="PASS" signature="teardown()[pri:0, instance:com.testcases.createProjectPageTest@48aaecc3]" name="teardown" is-config="true" duration-ms="145" started-at="2021-12-21T10:19:28Z" finished-at="2021-12-21T10:19:28Z">
          <reporter-output>
          </reporter-output>
        </test-method> <!-- teardown -->
        <test-method status="PASS" signature="tearDown()[pri:0, instance:com.testcases.createProjectPageTest@48aaecc3]" name="tearDown" is-config="true" duration-ms="508" started-at="2021-12-21T10:19:28Z" finished-at="2021-12-21T10:19:29Z">
          <reporter-output>
          </reporter-output>
        </test-method> <!-- tearDown -->
      </class> <!-- com.testcases.createProjectPageTest -->
    </test> <!-- Test -->
  </suite> <!-- Suite -->
</testng-results>
