<?xml version="1.0" encoding="UTF-8"?>
<testng-results skipped="0" failed="1" ignored="3" total="4" passed="0">
  <reporter-output>
  </reporter-output>
  <suite name="Default suite" duration-ms="12219" started-at="2022-01-06T07:56:52Z" finished-at="2022-01-06T07:57:04Z">
    <groups>
      <group name="vikesh2">
        <method signature="loginPageTest.Login_TC_001()[pri:1, instance:com.testcases.loginPageTest@778d1062]" name="Login_TC_001" class="com.testcases.loginPageTest"/>
      </group> <!-- vikesh2 -->
    </groups>
    <test name="Default test" duration-ms="12219" started-at="2022-01-06T07:56:52Z" finished-at="2022-01-06T07:57:04Z">
      <class name="com.testcases.loginPageTest">
        <test-method status="PASS" signature="loadConfig()[pri:0, instance:com.testcases.loginPageTest@778d1062]" name="loadConfig" is-config="true" duration-ms="250" started-at="2022-01-06T13:26:52Z" finished-at="2022-01-06T13:26:52Z">
          <reporter-output>
          </reporter-output>
        </test-method> <!-- loadConfig -->
        <test-method status="PASS" signature="setup()[pri:0, instance:com.testcases.loginPageTest@778d1062]" name="setup" is-config="true" duration-ms="7922" started-at="2022-01-06T13:26:52Z" finished-at="2022-01-06T13:27:00Z">
          <reporter-output>
          </reporter-output>
        </test-method> <!-- setup -->
        <test-method status="FAIL" signature="Login_TC_001()[pri:1, instance:com.testcases.loginPageTest@778d1062]" name="Login_TC_001" duration-ms="8" started-at="2022-01-06T13:27:00Z" description="verifying login with page title verification" finished-at="2022-01-06T13:27:00Z">
          <exception class="java.lang.NullPointerException">
            <full-stacktrace>
              <![CDATA[java.lang.NullPointerException
	at com.testcases.loginPageTest.Login_TC_001(loginPageTest.java:42)
	at sun.reflect.NativeMethodAccessorImpl.invoke0(Native Method)
	at sun.reflect.NativeMethodAccessorImpl.invoke(NativeMethodAccessorImpl.java:62)
	at sun.reflect.DelegatingMethodAccessorImpl.invoke(DelegatingMethodAccessorImpl.java:43)
	at java.lang.reflect.Method.invoke(Method.java:498)
	at org.testng.internal.MethodInvocationHelper.invokeMethod(MethodInvocationHelper.java:104)
	at org.testng.internal.Invoker.invokeMethod(Invoker.java:645)
	at org.testng.internal.Invoker.invokeTestMethod(Invoker.java:851)
	at org.testng.internal.Invoker.invokeTestMethods(Invoker.java:1177)
	at org.testng.internal.TestMethodWorker.invokeTestMethods(TestMethodWorker.java:129)
	at org.testng.internal.TestMethodWorker.run(TestMethodWorker.java:112)
	at org.testng.TestRunner.privateRun(TestRunner.java:756)
	at org.testng.TestRunner.run(TestRunner.java:610)
	at org.testng.SuiteRunner.runTest(SuiteRunner.java:387)
	at org.testng.SuiteRunner.runSequentially(SuiteRunner.java:382)
	at org.testng.SuiteRunner.privateRun(SuiteRunner.java:340)
	at org.testng.SuiteRunner.run(SuiteRunner.java:289)
	at org.testng.SuiteRunnerWorker.runSuite(SuiteRunnerWorker.java:52)
	at org.testng.SuiteRunnerWorker.run(SuiteRunnerWorker.java:86)
	at org.testng.TestNG.runSuitesSequentially(TestNG.java:1293)
	at org.testng.TestNG.runSuitesLocally(TestNG.java:1218)
	at org.testng.TestNG.runSuites(TestNG.java:1133)
	at org.testng.TestNG.run(TestNG.java:1104)
	at org.testng.remote.AbstractRemoteTestNG.run(AbstractRemoteTestNG.java:115)
	at org.testng.remote.RemoteTestNG.initAndRun(RemoteTestNG.java:251)
	at org.testng.remote.RemoteTestNG.main(RemoteTestNG.java:77)
]]>
            </full-stacktrace>
          </exception> <!-- java.lang.NullPointerException -->
          <reporter-output>
          </reporter-output>
        </test-method> <!-- Login_TC_001 -->
        <test-method status="PASS" signature="teardown()[pri:0, instance:com.testcases.loginPageTest@778d1062]" name="teardown" is-config="true" duration-ms="4253" started-at="2022-01-06T13:27:00Z" finished-at="2022-01-06T13:27:04Z">
          <reporter-output>
          </reporter-output>
        </test-method> <!-- teardown -->
        <test-method status="PASS" signature="tearDown()[pri:0, instance:com.testcases.loginPageTest@778d1062]" name="tearDown" is-config="true" duration-ms="8" started-at="2022-01-06T13:27:04Z" finished-at="2022-01-06T13:27:04Z">
          <reporter-output>
          </reporter-output>
        </test-method> <!-- tearDown -->
        <test-method status="PASS" signature="tearDown()[pri:0, instance:com.testcases.loginPageTest@778d1062]" name="tearDown" is-config="true" duration-ms="2" started-at="2022-01-06T13:27:04Z" finished-at="2022-01-06T13:27:04Z">
          <reporter-output>
          </reporter-output>
        </test-method> <!-- tearDown -->
      </class> <!-- com.testcases.loginPageTest -->
    </test> <!-- Default test -->
  </suite> <!-- Default suite -->
</testng-results>
