<?xml version="1.0" encoding="UTF-8"?>
<!-- Generated by org.testng.reporters.JUnitXMLReporter -->
<testsuite hostname="DESKTOP-8VB0F45" ignored="1" name="Default test" tests="1" failures="0" timestamp="11 Jan 2022 05:11:08 GMT" time="46.11" errors="0">
  <testcase name="NewProject" time="21.703" classname="com.testcases.createProjectPageTest"/>
  <testcase name="createNewProject" time="0.0" classname="com.testcases.createProjectPageTest">
    <ignored/>
  </testcase> <!-- createNewProject -->
</testsuite> <!-- Default test -->
