<?xml version="1.0" encoding="UTF-8"?>
<!-- Generated by org.testng.reporters.JUnitXMLReporter -->
<testsuite hostname="DESKTOP-8VB0F45" ignored="25" name="Test" tests="6" failures="1" timestamp="11 Jan 2022 10:47:51 GMT" time="190.782" errors="0">
  <testcase name="signUpDetails" time="11.812" classname="com.testcases.signUpTest"/>
  <testcase name="Login_TC_001" time="17.716" classname="com.testcases.loginPageTest">
    <failure type="java.lang.AssertionError" message="expected [TUDU1] but found [TUDU]">
      <![CDATA[java.lang.AssertionError: expected [TUDU1] but found [TUDU]
	at com.testcases.loginPageTest.Login_TC_001(loginPageTest.java:56)
... Removed 31 stack frames]]>
    </failure>
  </testcase> <!-- Login_TC_001 -->
  <testcase name="homeUserProfileLogout" time="14.119" classname="com.testcases.homePageTest"/>
  <testcase name="homeSearchProject" time="11.908" classname="com.testcases.homePageTest"/>
  <testcase name="NewProject" time="21.434" classname="com.testcases.createProjectPageTest"/>
  <testcase name="changePassword" time="17.75" classname="com.testcases.confirmPasswordPageTest"/>
  <testcase name="Login_TC_002" time="0.0" classname="com.testcases.loginPageTest">
    <ignored/>
  </testcase> <!-- Login_TC_002 -->
  <testcase name="homeAddQuickCreatebtn" time="0.0" classname="com.testcases.homePageTest">
    <ignored/>
  </testcase> <!-- homeAddQuickCreatebtn -->
  <testcase name="homeTimesheet" time="0.0" classname="com.testcases.homePageTest">
    <ignored/>
  </testcase> <!-- homeTimesheet -->
  <testcase name="homeNotifcationIcon" time="0.0" classname="com.testcases.homePageTest">
    <ignored/>
  </testcase> <!-- homeNotifcationIcon -->
  <testcase name="homeUserProfile" time="0.0" classname="com.testcases.homePageTest">
    <ignored/>
  </testcase> <!-- homeUserProfile -->
  <testcase name="homeCreateProject" time="0.0" classname="com.testcases.homePageTest">
    <ignored/>
  </testcase> <!-- homeCreateProject -->
  <testcase name="@BeforeSuite loadConfig" time="0.0" classname="com.TestBase.TestBase">
    <ignored/>
  </testcase> <!-- @BeforeSuite loadConfig -->
  <testcase name="@BeforeSuite loadConfig" time="0.0" classname="com.TestBase.TestBase">
    <ignored/>
  </testcase> <!-- @BeforeSuite loadConfig -->
  <testcase name="@BeforeSuite loadConfig" time="0.0" classname="com.TestBase.TestBase">
    <ignored/>
  </testcase> <!-- @BeforeSuite loadConfig -->
  <testcase name="@BeforeSuite loadConfig" time="0.0" classname="com.TestBase.TestBase">
    <ignored/>
  </testcase> <!-- @BeforeSuite loadConfig -->
  <testcase name="@BeforeSuite loadConfig" time="0.0" classname="com.TestBase.TestBase">
    <ignored/>
  </testcase> <!-- @BeforeSuite loadConfig -->
  <testcase name="forgotPwdWorkEmail" time="0.0" classname="com.testcases.forgotPasswordPageTest">
    <ignored/>
  </testcase> <!-- forgotPwdWorkEmail -->
  <testcase name="createNewProject" time="0.0" classname="com.testcases.createProjectPageTest">
    <ignored/>
  </testcase> <!-- createNewProject -->
  <testcase name="fogotPwdSubmit" time="0.0" classname="com.testcases.forgotPasswordPageTest">
    <ignored/>
  </testcase> <!-- fogotPwdSubmit -->
  <testcase name="homeHeaderSearchBar" time="0.0" classname="com.testcases.homePageTest">
    <ignored/>
  </testcase> <!-- homeHeaderSearchBar -->
  <testcase name="validateSignUp" time="0.0" classname="com.testcases.loginPageTest">
    <ignored/>
  </testcase> <!-- validateSignUp -->
  <testcase name="validateForgotPassword" time="0.0" classname="com.testcases.loginPageTest">
    <ignored/>
  </testcase> <!-- validateForgotPassword -->
  <testcase name="homeProject" time="0.0" classname="com.testcases.homePageTest">
    <ignored/>
  </testcase> <!-- homeProject -->
  <testcase name="@AfterSuite tearDown" time="0.0" classname="com.TestBase.TestBase">
    <ignored/>
  </testcase> <!-- @AfterSuite tearDown -->
  <testcase name="@AfterSuite tearDown" time="0.0" classname="com.TestBase.TestBase">
    <ignored/>
  </testcase> <!-- @AfterSuite tearDown -->
  <testcase name="@AfterSuite tearDown" time="0.0" classname="com.TestBase.TestBase">
    <ignored/>
  </testcase> <!-- @AfterSuite tearDown -->
  <testcase name="@AfterSuite tearDown" time="0.0" classname="com.TestBase.TestBase">
    <ignored/>
  </testcase> <!-- @AfterSuite tearDown -->
  <testcase name="@AfterSuite tearDown" time="0.0" classname="com.TestBase.TestBase">
    <ignored/>
  </testcase> <!-- @AfterSuite tearDown -->
  <testcase name="homeWorkflow" time="0.0" classname="com.testcases.homePageTest">
    <ignored/>
  </testcase> <!-- homeWorkflow -->
  <testcase name="homeAppSettings" time="0.0" classname="com.testcases.homePageTest">
    <ignored/>
  </testcase> <!-- homeAppSettings -->
</testsuite> <!-- Test -->
