<?xml version="1.0" encoding="UTF-8"?>
<testsuite xmlns:xsi="http://www.w3.org/2001/XMLSchema-instance" xsi:schemaLocation="https://maven.apache.org/surefire/maven-surefire-plugin/xsd/surefire-test-report.xsd" name="TestSuite" time="86.72" tests="6" errors="0" skipped="0" failures="2">
  <properties>
[...]
</properties>
  <testcase name="NewProject" classname="com.testcases.createProjectPageTest" time="0.773">
    <failure message="no such element: Unable to locate element: {&quot;method&quot;:&quot;xpath&quot;,&quot;selector&quot;:&quot;//li[@class=&apos;multiselect-item-checkbox ng-star-inserted&apos;]&quot;}&#10;  (Session info: chrome=96.0.4664.110)&#10;For documentation on this error, please visit: https://www.seleniumhq.org/exceptions/no_such_element.html&#10;Build info: version: &apos;3.141.59&apos;, revision: &apos;e82be7d358&apos;, time: &apos;2018-11-14T08:17:03&apos;&#10;System info: host: &apos;DESKTOP-8VB0F45&apos;, ip: &apos;192.168.43.23&apos;, os.name: &apos;Windows 10&apos;, os.arch: &apos;amd64&apos;, os.version: &apos;10.0&apos;, java.version: &apos;1.8.0_311&apos;&#10;Driver info: org.openqa.selenium.chrome.ChromeDriver&#10;Capabilities {acceptInsecureCerts: false, browserName: chrome, browserVersion: 96.0.4664.110, chrome: {chromedriverVersion: 96.0.4664.45 (76e4c1bb2ab46..., userDataDir: C:\Users\Vikesh\AppData\Loc...}, goog:chromeOptions: {debuggerAddress: localhost:49191}, javascriptEnabled: true, networkConnectionEnabled: false, pageLoadStrategy: normal, platform: WINDOWS, platformName: WINDOWS, proxy: Proxy(), setWindowRect: true, strictFileInteractability: false, timeouts: {implicit: 0, pageLoad: 300000, script: 30000}, unhandledPromptBehavior: dismiss and notify, webauthn:extension:credBlob: true, webauthn:extension:largeBlob: true, webauthn:virtualAuthenticators: true}&#10;Session ID: 005157a824c5a9134e2c346579a3a4d7&#10;*** Element info: {Using=xpath, value=//li[@class=&apos;multiselect-item-checkbox ng-star-inserted&apos;]}" type="org.openqa.selenium.NoSuchElementException">org.openqa.selenium.NoSuchElementException: 
no such element: Unable to locate element: {"method":"xpath","selector":"//li[@class='multiselect-item-checkbox ng-star-inserted']"}
  (Session info: chrome=96.0.4664.110)
For documentation on this error, please visit: https://www.seleniumhq.org/exceptions/no_such_element.html
Build info: version: '3.141.59', revision: 'e82be7d358', time: '2018-11-14T08:17:03'
System info: host: 'DESKTOP-8VB0F45', ip: '192.168.43.23', os.name: 'Windows 10', os.arch: 'amd64', os.version: '10.0', java.version: '1.8.0_311'
Driver info: org.openqa.selenium.chrome.ChromeDriver
Capabilities {acceptInsecureCerts: false, browserName: chrome, browserVersion: 96.0.4664.110, chrome: {chromedriverVersion: 96.0.4664.45 (76e4c1bb2ab46..., userDataDir: C:\Users\Vikesh\AppData\Loc...}, goog:chromeOptions: {debuggerAddress: localhost:49191}, javascriptEnabled: true, networkConnectionEnabled: false, pageLoadStrategy: normal, platform: WINDOWS, platformName: WINDOWS, proxy: Proxy(), setWindowRect: true, strictFileInteractability: false, timeouts: {implicit: 0, pageLoad: 300000, script: 30000}, unhandledPromptBehavior: dismiss and notify, webauthn:extension:credBlob: true, webauthn:extension:largeBlob: true, webauthn:virtualAuthenticators: true}
Session ID: 005157a824c5a9134e2c346579a3a4d7
*** Element info: {Using=xpath, value=//li[@class='multiselect-item-checkbox ng-star-inserted']}
	at com.testcases.createProjectPageTest.NewProject(createProjectPageTest.java:63)
</failure>
    <system-out><![CDATA[log4j: reset attribute= "false".
log4j: Threshold ="null".
log4j: Level value for root is  [info].
log4j: root level set to INFO
log4j: Class name: [org.apache.log4j.ConsoleAppender]
log4j: Setting property [target] to [System.out].
log4j: Parsing layout of class: "org.apache.log4j.PatternLayout"
log4j: Setting property [conversionPattern] to [%d{yyyy-MM-dd HH:mm:ss} %-5p %c{1}:%L - %m%n].
log4j: Adding appender named [console] to category [root].
log4j: Class name: [org.apache.log4j.RollingFileAppender]
log4j: Setting property [file] to [log4j.log].
log4j: Parsing layout of class: "org.apache.log4j.PatternLayout"
log4j: Setting property [conversionPattern] to [%d{yyyy-MM-dd HH:mm:ss} %-5p %c{1}:%L - %m%n].
log4j: setFile called: log4j.log, true
log4j: setFile ended
log4j: Adding appender named [fileAppender] to category [root].
2021-12-16 11:52:26 INFO  Log:23 - Browser selected
CHROME
Data Reading
2021-12-16 11:52:27 INFO  Log:23 - before suite Executing
http://abc.shopomate.com/#/login
2021-12-16 11:52:34 INFO  Log:23 - selected navigated to application URL
2021-12-16 11:52:34 INFO  Log:23 - maximizing chrome window
2021-12-16 11:52:34 INFO  Log:23 - Username Entered
2021-12-16 11:52:35 INFO  Log:23 - Username Entered
2021-12-16 11:52:35 INFO  Log:23 - Cliked on submit button
2021-12-16 11:52:43 INFO  Log:23 - Waring message of trial get closed
2021-12-16 11:52:47 INFO  Log:23 - Create project page open
2021-12-16 11:52:47 INFO  Log:11 - =====================================createProjectPageTest TEST START=========================================
2021-12-16 11:52:48 INFO  Log:23 - Entered value on project Name - Vikesh one
2021-12-16 11:52:48 INFO  Log:23 - Entered value on project Description - Doing testing to create project
2021-12-16 11:52:48 INFO  Log:23 - Click on Select Member dropdown
2021-12-16 11:52:48 INFO  Log:23 - Entered value to search on Select Memberaaa
]]></system-out>
    <system-err><![CDATA[SLF4J: Failed to load class "org.slf4j.impl.StaticLoggerBinder".
SLF4J: Defaulting to no-operation (NOP) logger implementation
SLF4J: See http://www.slf4j.org/codes.html#StaticLoggerBinder for further details.
Starting ChromeDriver 96.0.4664.45 (76e4c1bb2ab4671b8beba3444e61c0f17584b2fc-refs/branch-heads/4664@{#947}) on port 43946
Only local connections are allowed.
Please see https://chromedriver.chromium.org/security-considerations for suggestions on keeping ChromeDriver safe.
ChromeDriver was started successfully.
Dec 16, 2021 11:52:30 AM org.openqa.selenium.remote.ProtocolHandshake createSession
INFO: Detected dialect: W3C
]]></system-err>
  </testcase>
  <testcase name="forgotPwdWorkEmail" classname="com.testcases.forgotPasswordPageTest" time="0.337"/>
  <testcase name="homeHeaderSearchBar" classname="com.testcases.homePageTest" time="9.157"/>
  <testcase name="Login_TC_001" classname="com.testcases.loginPageTest" time="17.661">
    <failure message="expected [TUDU1] but found [TUDU]" type="java.lang.AssertionError">java.lang.AssertionError: expected [TUDU1] but found [TUDU]
	at com.testcases.loginPageTest.Login_TC_001(loginPageTest.java:57)
</failure>
    <system-out><![CDATA[2021-12-16 11:53:12 INFO  Log:16 - =====================================homePageTest TEST END=========================================
2021-12-16 11:53:12 INFO  Log:23 - before suite Executing
http://abc.shopomate.com/#/login
2021-12-16 11:53:18 INFO  Log:23 - selected navigated to application URL
2021-12-16 11:53:18 INFO  Log:23 - maximizing chrome window
2021-12-16 11:53:18 INFO  Log:11 - =====================================loginPageTest TEST START=========================================
Launched Browser
2021-12-16 11:53:18 INFO  Log:23 - Ready to enter username and password
2021-12-16 11:53:19 INFO  Log:23 - Username Entered
2021-12-16 11:53:19 INFO  Log:23 - Username Entered
2021-12-16 11:53:19 INFO  Log:23 - Cliked on submit button
2021-12-16 11:53:36 INFO  Log:23 - Get Title of login page
TUDU
2021-12-16 11:53:36 INFO  Log:23 - Verifing Title 
]]></system-out>
    <system-err><![CDATA[Starting ChromeDriver 96.0.4664.45 (76e4c1bb2ab4671b8beba3444e61c0f17584b2fc-refs/branch-heads/4664@{#947}) on port 3612
Only local connections are allowed.
Please see https://chromedriver.chromium.org/security-considerations for suggestions on keeping ChromeDriver safe.
ChromeDriver was started successfully.
Dec 16, 2021 11:53:14 AM org.openqa.selenium.remote.ProtocolHandshake createSession
INFO: Detected dialect: W3C
]]></system-err>
  </testcase>
  <testcase name="signUpDetails" classname="com.testcases.signUpTest" time="1.198"/>
  <testcase name="signUpDetails" classname="com.testcases.signUpTest" time="1.166"/>
</testsuite>