<?xml version="1.0" encoding="UTF-8"?>
<testsuite xmlns:xsi="http://www.w3.org/2001/XMLSchema-instance" xsi:noNamespaceSchemaLocation="https://maven.apache.org/surefire/maven-surefire-plugin/xsd/surefire-test-report-3.0.xsd" version="3.0" name="TestSuite" time="85.636" tests="5" errors="0" skipped="0" failures="0">
  <properties>
[...]
</properties>
  <testcase name="forgotPwdWorkEmail[test@aimdek.com](1)" classname="com.testcases.forgotPasswordPageTest" time="0.452">
    <system-out><![CDATA[[TestNGContentHandler] [WARN] It is strongly recommended to add "<!DOCTYPE suite SYSTEM "http://testng.org/testng-1.0.dtd" >" at the top of your file, otherwise TestNG may fail or not work as expected.
log4j: reset attribute= "false".
log4j: Threshold ="null".
log4j: Level value for root is  [info].
log4j: root level set to INFO
log4j: Class name: [org.apache.log4j.ConsoleAppender]
log4j: Setting property [target] to [System.out].
log4j: Parsing layout of class: "org.apache.log4j.PatternLayout"
log4j: Setting property [conversionPattern] to [%d{yyyy-MM-dd HH:mm:ss} %-5p %c{1}:%L - %m%n].
log4j: Adding appender named [console] to category [root].
log4j: Class name: [org.apache.log4j.RollingFileAppender]
log4j: Setting property [file] to [log4j.log].
log4j: Parsing layout of class: "org.apache.log4j.PatternLayout"
log4j: Setting property [conversionPattern] to [%d{yyyy-MM-dd HH:mm:ss} %-5p %c{1}:%L - %m%n].
log4j: setFile called: log4j.log, true
log4j: setFile ended
log4j: Adding appender named [fileAppender] to category [root].
2022-01-03 19:20:14 INFO  Log:23 - Browser selected
chrome
Data Reading
2022-01-03 19:20:15 INFO  Log:23 - before suite Executing
http://abc.shopomate.com/#/login
2022-01-03 19:20:24 INFO  Log:23 - selected navigated to application URL
2022-01-03 19:20:24 INFO  Log:23 - maximizingchromewindow
2022-01-03 19:20:25 INFO  Log:11 - =====================================forgotPasswordPageTest TEST START=========================================
2022-01-03 19:20:25 INFO  Log:23 - Open Forget Password page
2022-01-03 19:20:25 INFO  Log:23 - Entered email address you registered with Tudutest@aimdek.com
]]></system-out>
    <system-err><![CDATA[SLF4J: Failed to load class "org.slf4j.impl.StaticLoggerBinder".
SLF4J: Defaulting to no-operation (NOP) logger implementation
SLF4J: See http://www.slf4j.org/codes.html#StaticLoggerBinder for further details.
Starting ChromeDriver 96.0.4664.45 (76e4c1bb2ab4671b8beba3444e61c0f17584b2fc-refs/branch-heads/4664@{#947}) on port 32633
Only local connections are allowed.
Please see https://chromedriver.chromium.org/security-considerations for suggestions on keeping ChromeDriver safe.
ChromeDriver was started successfully.
Jan 03, 2022 7:20:19 PM org.openqa.selenium.remote.ProtocolHandshake createSession
INFO: Detected dialect: W3C
]]></system-err>
  </testcase>
  <testcase name="signUpDetails[Vikesh, Patil, Test One, testone, test@gmail.com, test@gmail.com, https://www.testone.com, Pass123$](1)" classname="com.testcases.signUpTest" time="1.17">
    <system-out><![CDATA[2022-01-03 19:20:25 INFO  Log:16 - =====================================forgotPasswordPageTest TEST END=========================================
2022-01-03 19:20:29 INFO  Log:23 - Closing Browser
2022-01-03 19:20:30 INFO  Log:23 - Extent Report flush
2022-01-03 19:20:30 INFO  Log:23 - After suite Exiting
Data Reading
2022-01-03 19:20:30 INFO  Log:23 - before suite Executing
http://abc.shopomate.com/#/login
2022-01-03 19:20:37 INFO  Log:23 - selected navigated to application URL
2022-01-03 19:20:37 INFO  Log:23 - maximizingchromewindow
2022-01-03 19:20:38 INFO  Log:23 - Open sign up page
2022-01-03 19:20:38 INFO  Log:11 - =====================================signUpTest TEST START=========================================
2022-01-03 19:20:38 INFO  Log:23 - First name entered - Vikesh
2022-01-03 19:20:38 INFO  Log:23 - Last name entered - Patil
2022-01-03 19:20:38 INFO  Log:23 - Organization name entered - Test One
2022-01-03 19:20:38 INFO  Log:23 - Claim Url entered - testone
2022-01-03 19:20:38 INFO  Log:23 - Organization Email entered - test@gmail.com
2022-01-03 19:20:39 INFO  Log:23 - Work Email entered - test@gmail.com
2022-01-03 19:20:39 INFO  Log:23 - Website name entered - https://www.testone.com
2022-01-03 19:20:39 INFO  Log:23 - SignUp Password entered - Pass123$
]]></system-out>
    <system-err><![CDATA[Starting ChromeDriver 96.0.4664.45 (76e4c1bb2ab4671b8beba3444e61c0f17584b2fc-refs/branch-heads/4664@{#947}) on port 32424
Only local connections are allowed.
Please see https://chromedriver.chromium.org/security-considerations for suggestions on keeping ChromeDriver safe.
ChromeDriver was started successfully.
Jan 03, 2022 7:20:32 PM org.openqa.selenium.remote.ProtocolHandshake createSession
INFO: Detected dialect: W3C
]]></system-err>
  </testcase>
  <testcase name="signUpDetails[Harshil, Patil, Two, 2.0, 2test@gmail.com, test2@gmail.com, https://www.test2.com, Pass123@](2)" classname="com.testcases.signUpTest" time="1.29">
    <system-out><![CDATA[2022-01-03 19:20:39 INFO  Log:16 - =====================================signUpTest TEST END=========================================
2022-01-03 19:20:39 INFO  Log:23 - Closing Browser
2022-01-03 19:20:39 INFO  Log:23 - Extent Report flush
2022-01-03 19:20:39 INFO  Log:23 - After suite Exiting
2022-01-03 19:20:39 INFO  Log:23 - before suite Executing
http://abc.shopomate.com/#/login
2022-01-03 19:20:46 INFO  Log:23 - selected navigated to application URL
2022-01-03 19:20:47 INFO  Log:23 - maximizingchromewindow
2022-01-03 19:20:47 INFO  Log:23 - Open sign up page
2022-01-03 19:20:47 INFO  Log:11 - =====================================signUpTest TEST START=========================================
2022-01-03 19:20:47 INFO  Log:23 - First name entered - Harshil
2022-01-03 19:20:47 INFO  Log:23 - Last name entered - Patil
2022-01-03 19:20:47 INFO  Log:23 - Organization name entered - Two
2022-01-03 19:20:48 INFO  Log:23 - Claim Url entered - 2.0
2022-01-03 19:20:48 INFO  Log:23 - Organization Email entered - 2test@gmail.com
2022-01-03 19:20:48 INFO  Log:23 - Work Email entered - test2@gmail.com
2022-01-03 19:20:48 INFO  Log:23 - Website name entered - https://www.test2.com
2022-01-03 19:20:48 INFO  Log:23 - SignUp Password entered - Pass123@
]]></system-out>
    <system-err><![CDATA[Starting ChromeDriver 96.0.4664.45 (76e4c1bb2ab4671b8beba3444e61c0f17584b2fc-refs/branch-heads/4664@{#947}) on port 27298
Only local connections are allowed.
Please see https://chromedriver.chromium.org/security-considerations for suggestions on keeping ChromeDriver safe.
ChromeDriver was started successfully.
Jan 03, 2022 7:20:42 PM org.openqa.selenium.remote.ProtocolHandshake createSession
INFO: Detected dialect: W3C
]]></system-err>
  </testcase>
  <testcase name="NewProject[Vikesh one, Doing testing to create project, aaa, Account](1)" classname="com.testcases.createProjectPageTest" time="0.709">
    <system-out><![CDATA[2022-01-03 19:20:48 INFO  Log:16 - =====================================signUpTest TEST END=========================================
2022-01-03 19:20:48 INFO  Log:23 - Closing Browser
2022-01-03 19:20:49 INFO  Log:23 - Extent Report flush
2022-01-03 19:20:49 INFO  Log:23 - After suite Exiting
Data Reading
2022-01-03 19:20:49 INFO  Log:23 - before suite Executing
http://abc.shopomate.com/#/login
2022-01-03 19:21:02 INFO  Log:23 - selected navigated to application URL
2022-01-03 19:21:02 INFO  Log:23 - maximizingchromewindow
2022-01-03 19:21:02 INFO  Log:23 - Username Entered
2022-01-03 19:21:02 INFO  Log:23 - Username Entered
2022-01-03 19:21:02 INFO  Log:23 - Cliked on submit button
2022-01-03 19:21:10 INFO  Log:23 - Waring message of trial get closed
2022-01-03 19:21:15 INFO  Log:23 - Create project page open
2022-01-03 19:21:15 INFO  Log:11 - =====================================createProjectPageTest TEST START=========================================
2022-01-03 19:21:15 INFO  Log:23 - Entered value on project Name - Vikesh one
2022-01-03 19:21:15 INFO  Log:23 - Entered value on project Description - Doing testing to create project
2022-01-03 19:21:16 INFO  Log:23 - Entered value on project Type - Account
]]></system-out>
    <system-err><![CDATA[Starting ChromeDriver 96.0.4664.45 (76e4c1bb2ab4671b8beba3444e61c0f17584b2fc-refs/branch-heads/4664@{#947}) on port 1696
Only local connections are allowed.
Please see https://chromedriver.chromium.org/security-considerations for suggestions on keeping ChromeDriver safe.
ChromeDriver was started successfully.
Jan 03, 2022 7:20:53 PM org.openqa.selenium.remote.ProtocolHandshake createSession
INFO: Detected dialect: W3C
]]></system-err>
  </testcase>
  <testcase name="homeHeaderSearchBar[new app](1)" classname="com.testcases.homePageTest" time="9.157">
    <system-out><![CDATA[2022-01-03 19:21:16 INFO  Log:16 - =====================================createProjectPageTest TEST END=========================================
2022-01-03 19:21:16 INFO  Log:23 - Closing Browser
2022-01-03 19:21:16 INFO  Log:23 - Extent Report flush
2022-01-03 19:21:16 INFO  Log:23 - After suite Exiting
Data Reading
2022-01-03 19:21:16 INFO  Log:23 - before suite Executing
http://abc.shopomate.com/#/login
2022-01-03 19:21:23 INFO  Log:23 - selected navigated to application URL
2022-01-03 19:21:23 INFO  Log:23 - maximizingchromewindow
2022-01-03 19:21:23 INFO  Log:11 - =====================================homePageTest TEST START=========================================
2022-01-03 19:21:23 INFO  Log:23 - Username Entered
2022-01-03 19:21:24 INFO  Log:23 - Username Entered
2022-01-03 19:21:24 INFO  Log:23 - Cliked on submit button
2022-01-03 19:21:32 INFO  Log:23 - Waring message of trial get closed
2022-01-03 19:21:32 INFO  Log:23 - entered value on main search bar
]]></system-out>
    <system-err><![CDATA[Starting ChromeDriver 96.0.4664.45 (76e4c1bb2ab4671b8beba3444e61c0f17584b2fc-refs/branch-heads/4664@{#947}) on port 41853
Only local connections are allowed.
Please see https://chromedriver.chromium.org/security-considerations for suggestions on keeping ChromeDriver safe.
ChromeDriver was started successfully.
Jan 03, 2022 7:21:19 PM org.openqa.selenium.remote.ProtocolHandshake createSession
INFO: Detected dialect: W3C
]]></system-err>
  </testcase>
</testsuite>