<?xml version="1.0" encoding="UTF-8"?>
<testng-results skipped="0" failed="1" ignored="24" total="31" passed="6">
  <reporter-output>
  </reporter-output>
  <suite name="Suite" duration-ms="189211" started-at="2022-01-05T13:57:26Z" finished-at="2022-01-05T14:00:35Z">
    <groups>
      <group name="vikesh2">
        <method signature="createProjectPageTest.NewProject(java.lang.String, java.lang.String, java.lang.String, java.lang.String)[pri:4, instance:com.testcases.createProjectPageTest@60dcc9fe]" name="NewProject" class="com.testcases.createProjectPageTest"/>
        <method signature="homePageTest.homeSearchProject(java.lang.String)[pri:3, instance:com.testcases.homePageTest@222114ba]" name="homeSearchProject" class="com.testcases.homePageTest"/>
        <method signature="homePageTest.homeUserProfileLogout()[pri:2, instance:com.testcases.homePageTest@222114ba]" name="homeUserProfileLogout" class="com.testcases.homePageTest"/>
        <method signature="loginPageTest.Login_TC_001()[pri:1, instance:com.testcases.loginPageTest@ec756bd]" name="Login_TC_001" class="com.testcases.loginPageTest"/>
        <method signature="signUpTest.signUpDetails(java.lang.String, java.lang.String, java.lang.String, java.lang.String, java.lang.String, java.lang.String, java.lang.String, java.lang.String)[pri:0, instance:com.testcases.signUpTest@3c72f59f]" name="signUpDetails" class="com.testcases.signUpTest"/>
      </group> <!-- vikesh2 -->
    </groups>
    <test name="Test" duration-ms="189211" started-at="2022-01-05T13:57:26Z" finished-at="2022-01-05T14:00:35Z">
      <class name="com.testcases.loginPageTest">
        <test-method status="PASS" signature="loadConfig()[pri:0, instance:com.testcases.loginPageTest@ec756bd]" name="loadConfig" is-config="true" duration-ms="231" started-at="2022-01-05T19:27:25Z" finished-at="2022-01-05T19:27:26Z">
          <reporter-output>
          </reporter-output>
        </test-method> <!-- loadConfig -->
        <test-method status="PASS" signature="setup()[pri:0, instance:com.testcases.loginPageTest@ec756bd]" name="setup" is-config="true" duration-ms="6503" started-at="2022-01-05T19:28:11Z" finished-at="2022-01-05T19:28:18Z">
          <reporter-output>
          </reporter-output>
        </test-method> <!-- setup -->
        <test-method status="FAIL" signature="Login_TC_001()[pri:1, instance:com.testcases.loginPageTest@ec756bd]" name="Login_TC_001" duration-ms="17534" started-at="2022-01-05T19:28:18Z" description="verifying login with page title verification" finished-at="2022-01-05T19:28:35Z">
          <exception class="java.lang.AssertionError">
            <message>
              <![CDATA[expected [TUDU1] but found [TUDU]]]>
            </message>
            <full-stacktrace>
              <![CDATA[java.lang.AssertionError: expected [TUDU1] but found [TUDU]
	at org.testng.Assert.fail(Assert.java:94)
	at org.testng.Assert.failNotEquals(Assert.java:513)
	at org.testng.Assert.assertEqualsImpl(Assert.java:135)
	at org.testng.Assert.assertEquals(Assert.java:116)
	at org.testng.Assert.assertEquals(Assert.java:190)
	at org.testng.Assert.assertEquals(Assert.java:200)
	at com.testcases.loginPageTest.Login_TC_001(loginPageTest.java:59)
	at sun.reflect.NativeMethodAccessorImpl.invoke0(Native Method)
	at sun.reflect.NativeMethodAccessorImpl.invoke(NativeMethodAccessorImpl.java:62)
	at sun.reflect.DelegatingMethodAccessorImpl.invoke(DelegatingMethodAccessorImpl.java:43)
	at java.lang.reflect.Method.invoke(Method.java:498)
	at org.testng.internal.MethodInvocationHelper.invokeMethod(MethodInvocationHelper.java:104)
	at org.testng.internal.Invoker.invokeMethod(Invoker.java:645)
	at org.testng.internal.Invoker.invokeTestMethod(Invoker.java:851)
	at org.testng.internal.Invoker.invokeTestMethods(Invoker.java:1177)
	at org.testng.internal.TestMethodWorker.invokeTestMethods(TestMethodWorker.java:129)
	at org.testng.internal.TestMethodWorker.run(TestMethodWorker.java:112)
	at org.testng.TestRunner.privateRun(TestRunner.java:756)
	at org.testng.TestRunner.run(TestRunner.java:610)
	at org.testng.SuiteRunner.runTest(SuiteRunner.java:387)
	at org.testng.SuiteRunner.runSequentially(SuiteRunner.java:382)
	at org.testng.SuiteRunner.privateRun(SuiteRunner.java:340)
	at org.testng.SuiteRunner.run(SuiteRunner.java:289)
	at org.testng.SuiteRunnerWorker.runSuite(SuiteRunnerWorker.java:52)
	at org.testng.SuiteRunnerWorker.run(SuiteRunnerWorker.java:86)
	at org.testng.TestNG.runSuitesSequentially(TestNG.java:1293)
	at org.testng.TestNG.runSuitesLocally(TestNG.java:1218)
	at org.testng.TestNG.runSuites(TestNG.java:1133)
	at org.testng.TestNG.run(TestNG.java:1104)
	at org.apache.maven.surefire.testng.TestNGExecutor.run(TestNGExecutor.java:284)
	at org.apache.maven.surefire.testng.TestNGXmlTestSuite.execute(TestNGXmlTestSuite.java:75)
	at org.apache.maven.surefire.testng.TestNGProvider.invoke(TestNGProvider.java:119)
	at org.apache.maven.surefire.booter.ForkedBooter.runSuitesInProcess(ForkedBooter.java:428)
	at org.apache.maven.surefire.booter.ForkedBooter.execute(ForkedBooter.java:162)
	at org.apache.maven.surefire.booter.ForkedBooter.run(ForkedBooter.java:562)
	at org.apache.maven.surefire.booter.ForkedBooter.main(ForkedBooter.java:548)
]]>
            </full-stacktrace>
          </exception> <!-- java.lang.AssertionError -->
          <reporter-output>
          </reporter-output>
        </test-method> <!-- Login_TC_001 -->
        <test-method status="PASS" signature="teardown()[pri:0, instance:com.testcases.loginPageTest@ec756bd]" name="teardown" is-config="true" duration-ms="4172" started-at="2022-01-05T19:28:36Z" finished-at="2022-01-05T19:28:40Z">
          <reporter-output>
          </reporter-output>
        </test-method> <!-- teardown -->
        <test-method status="PASS" signature="tearDown()[pri:0, instance:com.testcases.loginPageTest@ec756bd]" name="tearDown" is-config="true" duration-ms="161" started-at="2022-01-05T19:28:40Z" finished-at="2022-01-05T19:28:40Z">
          <reporter-output>
          </reporter-output>
        </test-method> <!-- tearDown -->
        <test-method status="PASS" signature="tearDown()[pri:0, instance:com.testcases.loginPageTest@ec756bd]" name="tearDown" is-config="true" duration-ms="52" started-at="2022-01-05T19:30:35Z" finished-at="2022-01-05T19:30:35Z">
          <reporter-output>
          </reporter-output>
        </test-method> <!-- tearDown -->
      </class> <!-- com.testcases.loginPageTest -->
      <class name="com.testcases.homePageTest">
        <test-method status="PASS" signature="setup()[pri:0, instance:com.testcases.homePageTest@222114ba]" name="setup" is-config="true" duration-ms="7651" started-at="2022-01-05T19:27:51Z" finished-at="2022-01-05T19:27:59Z">
          <reporter-output>
          </reporter-output>
        </test-method> <!-- setup -->
        <test-method status="PASS" signature="homeUserProfile()[pri:0, instance:com.testcases.homePageTest@222114ba]" name="homeUserProfile" duration-ms="11971" started-at="2022-01-05T19:27:59Z" finished-at="2022-01-05T19:28:11Z">
          <reporter-output>
          </reporter-output>
        </test-method> <!-- homeUserProfile -->
        <test-method status="PASS" signature="teardown()[pri:0, instance:com.testcases.homePageTest@222114ba]" name="teardown" is-config="true" duration-ms="296" started-at="2022-01-05T19:28:11Z" finished-at="2022-01-05T19:28:11Z">
          <reporter-output>
          </reporter-output>
        </test-method> <!-- teardown -->
        <test-method status="PASS" signature="tearDown()[pri:0, instance:com.testcases.homePageTest@222114ba]" name="tearDown" is-config="true" duration-ms="110" started-at="2022-01-05T19:28:11Z" finished-at="2022-01-05T19:28:11Z">
          <reporter-output>
          </reporter-output>
        </test-method> <!-- tearDown -->
        <test-method status="PASS" signature="setup()[pri:0, instance:com.testcases.homePageTest@222114ba]" name="setup" is-config="true" duration-ms="6438" started-at="2022-01-05T19:28:40Z" finished-at="2022-01-05T19:28:46Z">
          <reporter-output>
          </reporter-output>
        </test-method> <!-- setup -->
        <test-method status="PASS" signature="homeUserProfileLogout()[pri:2, instance:com.testcases.homePageTest@222114ba]" name="homeUserProfileLogout" duration-ms="12122" started-at="2022-01-05T19:28:46Z" description="Verifing Logout functionality" finished-at="2022-01-05T19:28:59Z">
          <reporter-output>
          </reporter-output>
        </test-method> <!-- homeUserProfileLogout -->
        <test-method status="PASS" signature="teardown()[pri:0, instance:com.testcases.homePageTest@222114ba]" name="teardown" is-config="true" duration-ms="4165" started-at="2022-01-05T19:28:59Z" finished-at="2022-01-05T19:29:03Z">
          <reporter-output>
          </reporter-output>
        </test-method> <!-- teardown -->
        <test-method status="PASS" signature="tearDown()[pri:0, instance:com.testcases.homePageTest@222114ba]" name="tearDown" is-config="true" duration-ms="174" started-at="2022-01-05T19:29:03Z" finished-at="2022-01-05T19:29:03Z">
          <reporter-output>
          </reporter-output>
        </test-method> <!-- tearDown -->
        <test-method status="PASS" signature="setup()[pri:0, instance:com.testcases.homePageTest@222114ba]" name="setup" is-config="true" duration-ms="6208" started-at="2022-01-05T19:29:03Z" finished-at="2022-01-05T19:29:09Z">
          <reporter-output>
          </reporter-output>
        </test-method> <!-- setup -->
        <test-method status="PASS" signature="homeSearchProject(java.lang.String)[pri:3, instance:com.testcases.homePageTest@222114ba]" name="homeSearchProject" duration-ms="11728" started-at="2022-01-05T19:29:09Z" description="Verifing project search feature" data-provider="searchProject" finished-at="2022-01-05T19:29:21Z">
          <params>
            <param index="0">
              <value>
                <![CDATA[TUDU]]>
              </value>
            </param>
          </params>
          <reporter-output>
          </reporter-output>
        </test-method> <!-- homeSearchProject -->
        <test-method status="PASS" signature="teardown()[pri:0, instance:com.testcases.homePageTest@222114ba]" name="teardown" is-config="true" duration-ms="4185" started-at="2022-01-05T19:29:21Z" finished-at="2022-01-05T19:29:25Z">
          <reporter-output>
          </reporter-output>
        </test-method> <!-- teardown -->
        <test-method status="PASS" signature="tearDown()[pri:0, instance:com.testcases.homePageTest@222114ba]" name="tearDown" is-config="true" duration-ms="79" started-at="2022-01-05T19:29:25Z" finished-at="2022-01-05T19:29:25Z">
          <reporter-output>
          </reporter-output>
        </test-method> <!-- tearDown -->
      </class> <!-- com.testcases.homePageTest -->
      <class name="com.testcases.createProjectPageTest">
        <test-method status="PASS" signature="setup()[pri:0, instance:com.testcases.createProjectPageTest@60dcc9fe]" name="setup" is-config="true" duration-ms="20207" started-at="2022-01-05T19:29:25Z" finished-at="2022-01-05T19:29:45Z">
          <reporter-output>
          </reporter-output>
        </test-method> <!-- setup -->
        <test-method status="PASS" signature="NewProject(java.lang.String, java.lang.String, java.lang.String, java.lang.String)[pri:4, instance:com.testcases.createProjectPageTest@60dcc9fe]" name="NewProject" duration-ms="18950" started-at="2022-01-05T19:29:45Z" description="Verifing new project creation" data-provider="createproject" finished-at="2022-01-05T19:30:04Z">
          <params>
            <param index="0">
              <value>
                <![CDATA[Vikesh second project]]>
              </value>
            </param>
            <param index="1">
              <value>
                <![CDATA[Doing testing to create project]]>
              </value>
            </param>
            <param index="2">
              <value>
                <![CDATA[abc]]>
              </value>
            </param>
            <param index="3">
              <value>
                <![CDATA[Account]]>
              </value>
            </param>
          </params>
          <reporter-output>
          </reporter-output>
        </test-method> <!-- NewProject -->
        <test-method status="PASS" signature="teardown()[pri:0, instance:com.testcases.createProjectPageTest@60dcc9fe]" name="teardown" is-config="true" duration-ms="4175" started-at="2022-01-05T19:30:04Z" finished-at="2022-01-05T19:30:09Z">
          <reporter-output>
          </reporter-output>
        </test-method> <!-- teardown -->
        <test-method status="PASS" signature="tearDown()[pri:0, instance:com.testcases.createProjectPageTest@60dcc9fe]" name="tearDown" is-config="true" duration-ms="99" started-at="2022-01-05T19:30:09Z" finished-at="2022-01-05T19:30:09Z">
          <reporter-output>
          </reporter-output>
        </test-method> <!-- tearDown -->
      </class> <!-- com.testcases.createProjectPageTest -->
      <class name="com.testcases.confirmPasswordPageTest">
        <test-method status="PASS" signature="setup()[pri:0, instance:com.testcases.confirmPasswordPageTest@16e7dcfd]" name="setup" is-config="true" duration-ms="6246" started-at="2022-01-05T19:30:09Z" finished-at="2022-01-05T19:30:15Z">
          <reporter-output>
          </reporter-output>
        </test-method> <!-- setup -->
        <test-method status="PASS" signature="changePassword(java.lang.String, java.lang.String, java.lang.String)[pri:5, instance:com.testcases.confirmPasswordPageTest@16e7dcfd]" name="changePassword" duration-ms="15628" started-at="2022-01-05T19:30:15Z" description="Verifing change password functionality" data-provider="Password" finished-at="2022-01-05T19:30:31Z">
          <params>
            <param index="0">
              <value>
                <![CDATA[Vikesh@1989]]>
              </value>
            </param>
            <param index="1">
              <value>
                <![CDATA[Test@1989]]>
              </value>
            </param>
            <param index="2">
              <value>
                <![CDATA[Test@1989]]>
              </value>
            </param>
          </params>
          <reporter-output>
          </reporter-output>
        </test-method> <!-- changePassword -->
        <test-method status="PASS" signature="teardown()[pri:0, instance:com.testcases.confirmPasswordPageTest@16e7dcfd]" name="teardown" is-config="true" duration-ms="4183" started-at="2022-01-05T19:30:31Z" finished-at="2022-01-05T19:30:35Z">
          <reporter-output>
          </reporter-output>
        </test-method> <!-- teardown -->
        <test-method status="PASS" signature="tearDown()[pri:0, instance:com.testcases.confirmPasswordPageTest@16e7dcfd]" name="tearDown" is-config="true" duration-ms="121" started-at="2022-01-05T19:30:35Z" finished-at="2022-01-05T19:30:35Z">
          <reporter-output>
          </reporter-output>
        </test-method> <!-- tearDown -->
      </class> <!-- com.testcases.confirmPasswordPageTest -->
      <class name="com.testcases.signUpTest">
        <test-method status="PASS" signature="setup()[pri:0, instance:com.testcases.signUpTest@3c72f59f]" name="setup" is-config="true" duration-ms="10754" started-at="2022-01-05T19:27:26Z" finished-at="2022-01-05T19:27:37Z">
          <reporter-output>
          </reporter-output>
        </test-method> <!-- setup -->
        <test-method status="PASS" signature="signUpDetails(java.lang.String, java.lang.String, java.lang.String, java.lang.String, java.lang.String, java.lang.String, java.lang.String, java.lang.String)[pri:0, instance:com.testcases.signUpTest@3c72f59f]" name="signUpDetails" duration-ms="9558" started-at="2022-01-05T19:27:37Z" description="Verifing sign up page details" data-provider="signup" finished-at="2022-01-05T19:27:47Z">
          <params>
            <param index="0">
              <value>
                <![CDATA[Aimdek]]>
              </value>
            </param>
            <param index="1">
              <value>
                <![CDATA[Testing last Name]]>
              </value>
            </param>
            <param index="2">
              <value>
                <![CDATA[Test next]]>
              </value>
            </param>
            <param index="3">
              <value>
                <![CDATA[fourtest]]>
              </value>
            </param>
            <param index="4">
              <value>
                <![CDATA[test@gmail.com]]>
              </value>
            </param>
            <param index="5">
              <value>
                <![CDATA[test@gmail.com]]>
              </value>
            </param>
            <param index="6">
              <value>
                <![CDATA[https://www.testone.com]]>
              </value>
            </param>
            <param index="7">
              <value>
                <![CDATA[Pass123#$]]>
              </value>
            </param>
          </params>
          <reporter-output>
          </reporter-output>
        </test-method> <!-- signUpDetails -->
        <test-method status="PASS" signature="teardown()[pri:0, instance:com.testcases.signUpTest@3c72f59f]" name="teardown" is-config="true" duration-ms="4228" started-at="2022-01-05T19:27:47Z" finished-at="2022-01-05T19:27:51Z">
          <reporter-output>
          </reporter-output>
        </test-method> <!-- teardown -->
        <test-method status="PASS" signature="tearDown()[pri:0, instance:com.testcases.signUpTest@3c72f59f]" name="tearDown" is-config="true" duration-ms="427" started-at="2022-01-05T19:27:51Z" finished-at="2022-01-05T19:27:51Z">
          <reporter-output>
          </reporter-output>
        </test-method> <!-- tearDown -->
      </class> <!-- com.testcases.signUpTest -->
    </test> <!-- Test -->
  </suite> <!-- Suite -->
</testng-results>
